<?xml version="1.0" encoding="UTF-8"?>
<!-- Generated by org.testng.reporters.JUnitReportReporter -->
<testsuite hostname="AbinayaVignesh" failures="0" tests="1" name="Testcases.Tc_08_Menu_Brand_Select" time="55.041" errors="0" timestamp="2024-09-15T11:07:50 IST" skipped="0">
  <testcase classname="Testcases.Tc_08_Menu_Brand_Select" name="AddItemShopByBrandMenu" time="55.041"/>
</testsuite> <!-- Testcases.Tc_08_Menu_Brand_Select -->
