<?xml version="1.0" encoding="UTF-8"?>
<!-- Generated by org.testng.reporters.JUnitReportReporter -->
<testsuite hostname="AbinayaVignesh" failures="0" tests="4" name="Testcases.Tc_04_Siginpage" time="85.091" errors="0" timestamp="2024-09-15T11:07:50 IST" skipped="0">
  <testcase classname="Testcases.Tc_04_Siginpage" name="SignIn" time="19.928"/>
  <testcase classname="Testcases.Tc_04_Siginpage" name="SignIn" time="18.029"/>
  <testcase classname="Testcases.Tc_04_Siginpage" name="SignIn" time="24.569"/>
  <testcase classname="Testcases.Tc_04_Siginpage" name="SignIn" time="22.565"/>
</testsuite> <!-- Testcases.Tc_04_Siginpage -->
