<?xml version="1.0" encoding="UTF-8"?>
<!-- Generated by org.testng.reporters.JUnitReportReporter -->
<testsuite hostname="AbinayaVignesh" failures="0" tests="1" name="Testcases.Tc_01_Navigatetowebpage" time="16.057" errors="0" timestamp="2024-09-15T11:07:51 IST" skipped="0">
  <testcase classname="Testcases.Tc_01_Navigatetowebpage" name="NavigatingToBestBestApp" time="16.057"/>
</testsuite> <!-- Testcases.Tc_01_Navigatetowebpage -->
