<?xml version="1.0" encoding="UTF-8"?>
<!-- Generated by org.testng.reporters.JUnitReportReporter -->
<testsuite hostname="AbinayaVignesh" failures="0" tests="1" name="Testcases.Tc_02_Verify_LinkBroken" time="26.731" errors="0" timestamp="2024-09-15T11:07:51 IST" skipped="0">
  <testcase classname="Testcases.Tc_02_Verify_LinkBroken" name="ValidateUrlIsNotBroken" time="26.731"/>
</testsuite> <!-- Testcases.Tc_02_Verify_LinkBroken -->
